<?xml version="1.0" encoding="UTF-8"?>
<!-- Generated by org.testng.reporters.JUnitReportReporter -->
<testsuite hostname="EPBYMINW0970" failures="0" tests="8" name="CalculatorTesting" time="0.004" errors="1" timestamp="22 Jun 2018 12:47:08 GMT" skipped="0">
  <testcase classname="CalculatorTesting" name="test_negative_division" time="0.002"/>
  <testcase classname="CalculatorTesting" name="test_positive_sum" time="0.000"/>
  <testcase classname="CalculatorTesting" name="test_negative_division" time="0.000"/>
  <testcase classname="CalculatorTesting" name="test_positive_sum" time="0.000"/>
  <testcase classname="CalculatorTesting" name="test_negative_division" time="0.000"/>
  <testcase classname="CalculatorTesting" name="test_positive_sub" time="0.000">
    <error message="
Cannot inject @Test annotated Method [test_positive_sub] with [double, double, double].
For more information on native dependency injection please refer to http://testng.org/doc/documentation-main.html#native-dependency-injection" type="org.testng.TestNGException">
      <![CDATA[org.testng.TestNGException: 
Cannot inject @Test annotated Method [test_positive_sub] with [double, double, double].
For more information on native dependency injection please refer to http://testng.org/doc/documentation-main.html#native-dependency-injection
at org.testng.internal.Parameters.checkParameterTypes(Parameters.java:407)
at org.testng.internal.Parameters.createParametersForMethod(Parameters.java:356)
at org.testng.internal.Parameters.createParameters(Parameters.java:635)
at org.testng.internal.Parameters.handleParameters(Parameters.java:769)
at org.testng.internal.ParameterHandler.handleParameters(ParameterHandler.java:49)
at org.testng.internal.ParameterHandler.createParameters(ParameterHandler.java:37)
at org.testng.internal.Invoker.invokeTestMethods(Invoker.java:924)
at org.testng.internal.TestMethodWorker.invokeTestMethods(TestMethodWorker.java:125)
at org.testng.internal.TestMethodWorker.run(TestMethodWorker.java:109)
at java.base/java.util.concurrent.ThreadPoolExecutor.runWorker(ThreadPoolExecutor.java:1135)
at java.base/java.util.concurrent.ThreadPoolExecutor$Worker.run(ThreadPoolExecutor.java:635)
at java.base/java.lang.Thread.run(Thread.java:844)
]]>
    </error>
  </testcase> <!-- test_positive_sub -->
  <testcase classname="CalculatorTesting" name="test_positive_sum" time="0.002"/>
  <testcase classname="CalculatorTesting" name="test_positive_sum" time="0.000"/>
</testsuite> <!-- CalculatorTesting -->
